<?xml version="1.0" encoding="UTF-8"?>
<!-- Generated by org.testng.reporters.JUnitXMLReporter -->
<testsuite ignored="0" hostname="IN2253656W1" failures="0" tests="5" name="Command line test" time="1.886" errors="0" timestamp="2021-03-02T16:10:02 IST">
  <testcase classname="com.testClasses.TC_DataDrivenTest" name="Test" time="0.003"/>
  <testcase classname="com.testClasses.TC_DataDrivenTest" name="Test" time="0.001"/>
  <testcase classname="com.testClasses.TC_DataDrivenTest" name="Test" time="0.001"/>
  <testcase classname="com.testClasses.TC_DataDrivenTest" name="Test" time="0.0"/>
  <testcase classname="com.testClasses.TC_DataDrivenTest" name="Test" time="0.001"/>
</testsuite> <!-- Command line test -->
