<?xml version="1.0" encoding="UTF-8"?>
<testng-results ignored="0" total="1" passed="1" failed="0" skipped="0">
  <reporter-output>
  </reporter-output>
  <suite started-at="2021-03-03T16:17:46 IST" name="MyAutomationSuit" finished-at="2021-03-03T16:18:03 IST" duration-ms="16808">
    <groups>
    </groups>
    <test started-at="2021-03-03T16:17:46 IST" name="MyCounterTest" finished-at="2021-03-03T16:18:03 IST" duration-ms="16808">
      <class name="com.testClasses.TC_AzureWebAppTest">
        <test-method is-config="true" signature="suitStartSetup()[pri:0, instance:com.testClasses.TC_AzureWebAppTest@214b199c]" started-at="2021-03-03T16:17:45 IST" name="suitStartSetup" finished-at="2021-03-03T16:17:46 IST" duration-ms="882" status="PASS">
          <reporter-output>
          </reporter-output>
        </test-method> <!-- suitStartSetup -->
        <test-method is-config="true" signature="setup(java.lang.String)[pri:0, instance:com.testClasses.TC_AzureWebAppTest@214b199c]" started-at="2021-03-03T16:17:46 IST" name="setup" finished-at="2021-03-03T16:17:55 IST" duration-ms="8507" status="PASS">
          <params>
            <param index="0">
              <value>
                <![CDATA[chrome]]>
              </value>
            </param>
          </params>
          <reporter-output>
          </reporter-output>
        </test-method> <!-- setup -->
        <test-method signature="counterTest()[pri:0, instance:com.testClasses.TC_AzureWebAppTest@214b199c]" started-at="2021-03-03T16:17:55 IST" name="counterTest" finished-at="2021-03-03T16:18:01 IST" duration-ms="6512" status="PASS">
          <reporter-output>
          </reporter-output>
        </test-method> <!-- counterTest -->
        <test-method is-config="true" signature="tearDown()[pri:0, instance:com.testClasses.TC_AzureWebAppTest@214b199c]" started-at="2021-03-03T16:18:01 IST" name="tearDown" finished-at="2021-03-03T16:18:03 IST" duration-ms="1678" status="PASS">
          <reporter-output>
          </reporter-output>
        </test-method> <!-- tearDown -->
      </class> <!-- com.testClasses.TC_AzureWebAppTest -->
    </test> <!-- MyCounterTest -->
  </suite> <!-- MyAutomationSuit -->
</testng-results>
