<?xml version="1.0" encoding="UTF-8"?>
<testsuite name="TestSuite" time="3.867" tests="7" errors="0" skipped="0" failures="1">
  <properties>
[...]
</properties>
  <testcase name="loginTest" classname="com.testClasses.TC_001_VerifyAppTitle" time="1.193"/>
  <testcase name="counterTest" classname="com.testClasses.TC_002_VerifyCounterWorks" time="1.363"/>
  <testcase name="Test" classname="com.testClasses.TC_003_VerifyCountIsCorrect_DataDriven" time="1.311"/>
  <testcase name="Test" classname="com.testClasses.TC_003_VerifyCountIsCorrect_DataDriven" time="1.235"/>
  <testcase name="Test" classname="com.testClasses.TC_003_VerifyCountIsCorrect_DataDriven" time="1.141"/>
  <testcase name="Test" classname="com.testClasses.TC_003_VerifyCountIsCorrect_DataDriven" time="1.685">
    <failure message="expected [true] but found [false]" type="java.lang.AssertionError">java.lang.AssertionError: expected [true] but found [false]
	at org.testng.Assert.fail(Assert.java:99)
	at org.testng.Assert.failNotEquals(Assert.java:1037)
	at org.testng.Assert.assertTrue(Assert.java:45)
	at org.testng.Assert.assertTrue(Assert.java:55)
	at com.testClasses.TC_003_VerifyCountIsCorrect_DataDriven.Test(TC_003_VerifyCountIsCorrect_DataDriven.java:24)
</failure>
    <system-out><![CDATA[Screenshot taken
]]></system-out>
    <system-err><![CDATA[Starting ChromeDriver 88.0.4324.96 (68dba2d8a0b149a1d3afac56fa74648032bcf46b-refs/branch-heads/4324@{#1784}) on port 30981
Only local connections are allowed.
Please see https://chromedriver.chromium.org/security-considerations for suggestions on keeping ChromeDriver safe.
ChromeDriver was started successfully.
Mar 05, 2021 7:05:33 PM org.openqa.selenium.remote.ProtocolHandshake createSession
INFO: Detected dialect: W3C
]]></system-err>
  </testcase>
  <testcase name="Test" classname="com.testClasses.TC_003_VerifyCountIsCorrect_DataDriven" time="1.577"/>
</testsuite>