<?xml version="1.0" encoding="UTF-8"?>
<testng-results ignored="0" total="1" passed="1" failed="0" skipped="0">
  <reporter-output>
  </reporter-output>
  <suite started-at="2021-03-04T18:54:19 IST" name="MyAutomationSuit" finished-at="2021-03-04T18:54:41 IST" duration-ms="21705">
    <groups>
    </groups>
    <test started-at="2021-03-04T18:54:19 IST" name="MyCounterTest" finished-at="2021-03-04T18:54:41 IST" duration-ms="21705">
      <class name="com.testClasses.TC_AzureWebAppTest">
        <test-method is-config="true" signature="suitStartSetup()[pri:0, instance:com.testClasses.TC_AzureWebAppTest@214b199c]" started-at="2021-03-04T18:54:18 IST" name="suitStartSetup" finished-at="2021-03-04T18:54:19 IST" duration-ms="916" status="PASS">
          <reporter-output>
          </reporter-output>
        </test-method> <!-- suitStartSetup -->
        <test-method is-config="true" signature="setup(java.lang.String)[pri:0, instance:com.testClasses.TC_AzureWebAppTest@214b199c]" started-at="2021-03-04T18:54:19 IST" name="setup" finished-at="2021-03-04T18:54:32 IST" duration-ms="13166" status="PASS">
          <params>
            <param index="0">
              <value>
                <![CDATA[chrome]]>
              </value>
            </param>
          </params>
          <reporter-output>
          </reporter-output>
        </test-method> <!-- setup -->
        <test-method signature="counterTest()[pri:0, instance:com.testClasses.TC_AzureWebAppTest@214b199c]" started-at="2021-03-04T18:54:32 IST" name="counterTest" finished-at="2021-03-04T18:54:39 IST" duration-ms="6677" status="PASS">
          <reporter-output>
          </reporter-output>
        </test-method> <!-- counterTest -->
        <test-method is-config="true" signature="tearDown()[pri:0, instance:com.testClasses.TC_AzureWebAppTest@214b199c]" started-at="2021-03-04T18:54:39 IST" name="tearDown" finished-at="2021-03-04T18:54:41 IST" duration-ms="1705" status="PASS">
          <reporter-output>
          </reporter-output>
        </test-method> <!-- tearDown -->
      </class> <!-- com.testClasses.TC_AzureWebAppTest -->
    </test> <!-- MyCounterTest -->
  </suite> <!-- MyAutomationSuit -->
</testng-results>
