<?xml version="1.0" encoding="UTF-8"?>
<!-- Generated by org.testng.reporters.JUnitXMLReporter -->
<testsuite ignored="0" hostname="IN2253656W1" failures="0" tests="6" name="MyTest2" time="16.09" errors="0" timestamp="2021-03-02T16:19:46 IST">
  <testcase classname="com.testClasses.TC_LoginTest_001" name="loginTest" time="6.496"/>
  <testcase classname="com.testClasses.TC_DataDrivenTest" name="Test" time="0.001"/>
  <testcase classname="com.testClasses.TC_DataDrivenTest" name="Test" time="0.0"/>
  <testcase classname="com.testClasses.TC_DataDrivenTest" name="Test" time="0.0"/>
  <testcase classname="com.testClasses.TC_DataDrivenTest" name="Test" time="0.0"/>
  <testcase classname="com.testClasses.TC_DataDrivenTest" name="Test" time="0.003"/>
</testsuite> <!-- MyTest2 -->
