<?xml version="1.0" encoding="UTF-8"?>
<!-- Generated by org.testng.reporters.JUnitXMLReporter -->
<testsuite ignored="0" hostname="IN2253656W1" failures="0" tests="5" name="MyTest" time="52.588" errors="0" timestamp="2021-03-02T18:40:58 IST">
  <testcase classname="com.testClasses.TC_DataDrivenTest" name="Test" time="1.066"/>
  <testcase classname="com.testClasses.TC_DataDrivenTest" name="Test" time="0.15"/>
  <testcase classname="com.testClasses.TC_DataDrivenTest" name="Test" time="0.152"/>
  <testcase classname="com.testClasses.TC_DataDrivenTest" name="Test" time="0.084"/>
  <testcase classname="com.testClasses.TC_DataDrivenTest" name="Test" time="0.122"/>
</testsuite> <!-- MyTest -->
