<?xml version="1.0" encoding="UTF-8"?>
<!-- Generated by org.testng.reporters.JUnitXMLReporter -->
<testsuite ignored="0" hostname="IN2253656W1" failures="0" tests="5" name="MyTest2" time="37.112" errors="0" timestamp="2021-03-02T18:41:35 IST">
  <testcase classname="com.testClasses.TC_DataDrivenTest" name="Test" time="0.07"/>
  <testcase classname="com.testClasses.TC_DataDrivenTest" name="Test" time="0.082"/>
  <testcase classname="com.testClasses.TC_DataDrivenTest" name="Test" time="0.07"/>
  <testcase classname="com.testClasses.TC_DataDrivenTest" name="Test" time="0.113"/>
  <testcase classname="com.testClasses.TC_DataDrivenTest" name="Test" time="0.06"/>
</testsuite> <!-- MyTest2 -->
